<?xml version="1.0" encoding="UTF-8"?>
<!-- Generated by org.testng.reporters.JUnitXMLReporter -->
<testsuite ignored="0" hostname="Bharani" failures="1" tests="3" name="Test" time="18.681" errors="0" timestamp="2022-11-24T16:54:49 IST">
  <testcase classname="testng.Testcase2" name="tc2" time="6.595">
    <failure type="java.lang.AssertionError" message="expected [435edtftryrytytyu] but found [actiTIME - Login]">
      <![CDATA[java.lang.AssertionError: expected [435edtftryrytytyu] but found [actiTIME - Login]
at testng.Testcase2.tc2(Testcase2.java:23)
at java.base/java.util.ArrayList.forEach(ArrayList.java:1511)
... Removed 33 stack frames]]>
    </failure>
  </testcase> <!-- tc2 -->
  <testcase classname="testng.Testcase3" name="tc3" time="5.756"/>
  <testcase classname="testng.Testcase4" name="tc4" time="6.287"/>
</testsuite> <!-- Test -->
