<?xml version="1.0" encoding="UTF-8"?>
<testng-results ignored="0" total="1" passed="1" failed="0" skipped="0">
  <reporter-output>
  </reporter-output>
  <suite started-at="2022-11-28T16:49:05 IST" name="Suite" finished-at="2022-11-28T16:49:12 IST" duration-ms="6727">
    <groups>
    </groups>
    <test started-at="2022-11-28T16:49:05 IST" name="Test" finished-at="2022-11-28T16:49:12 IST" duration-ms="6727">
      <class name="testng.Test4">
        <test-method signature="demo(org.testng.xml.XmlTest)[pri:0, instance:testng.Test4@52102734]" started-at="2022-11-28T16:49:05 IST" name="demo" finished-at="2022-11-28T16:49:12 IST" duration-ms="6694" status="PASS">
          <params>
            <param index="0">
              <value>
                <![CDATA[org.testng.xml.XmlTest@cc5d0f1b]]>
              </value>
            </param>
          </params>
          <reporter-output>
          </reporter-output>
        </test-method> <!-- demo -->
      </class> <!-- testng.Test4 -->
    </test> <!-- Test -->
  </suite> <!-- Suite -->
</testng-results>
