<?xml version="1.0" encoding="UTF-8"?>
<testng-results ignored="0" total="1" passed="1" failed="0" skipped="0">
  <reporter-output>
    <line>
      <![CDATA[actiTIME - Login]]>
    </line>
  </reporter-output>
  <suite started-at="2022-11-24T16:57:22 IST" name="Failed suite [Default suite]" finished-at="2022-11-24T16:57:29 IST" duration-ms="7125">
    <groups>
    </groups>
    <test started-at="2022-11-24T16:57:22 IST" name="Default test(failed)" finished-at="2022-11-24T16:57:29 IST" duration-ms="7125">
      <class name="testng.Testcase2">
        <test-method signature="tc2()[pri:0, instance:testng.Testcase2@13b13b5d]" started-at="2022-11-24T16:57:22 IST" name="tc2" finished-at="2022-11-24T16:57:29 IST" duration-ms="7093" status="PASS">
          <reporter-output>
            <line>
              <![CDATA[actiTIME - Login]]>
            </line>
          </reporter-output>
        </test-method> <!-- tc2 -->
      </class> <!-- testng.Testcase2 -->
    </test> <!-- Default test(failed) -->
  </suite> <!-- Failed suite [Default suite] -->
</testng-results>
